<?xml version="1.0" encoding="UTF-8"?>
<testsuite xmlns:xsi="http://www.w3.org/2001/XMLSchema-instance" xsi:noNamespaceSchemaLocation="https://maven.apache.org/surefire/maven-surefire-plugin/xsd/surefire-test-report.xsd" version="3.0.2" name="com.example.threeds.controller.ThreeDSControllerTest" time="68.893" tests="16" errors="0" skipped="0" failures="0">
  <properties>
    <property name="java.specification.version" value="21"/>
    <property name="sun.jnu.encoding" value="UTF-8"/>
    <property name="java.class.path" value="/Users/juliancamilo/Documents/Programacion/threeds/target/test-classes:/Users/juliancamilo/Documents/Programacion/threeds/target/classes:/Users/juliancamilo/.m2/repository/org/springframework/boot/spring-boot-starter-validation/3.5.3/spring-boot-starter-validation-3.5.3.jar:/Users/juliancamilo/.m2/repository/org/springframework/boot/spring-boot-starter/3.5.3/spring-boot-starter-3.5.3.jar:/Users/juliancamilo/.m2/repository/org/springframework/boot/spring-boot-starter-logging/3.5.3/spring-boot-starter-logging-3.5.3.jar:/Users/juliancamilo/.m2/repository/ch/qos/logback/logback-classic/1.5.18/logback-classic-1.5.18.jar:/Users/juliancamilo/.m2/repository/ch/qos/logback/logback-core/1.5.18/logback-core-1.5.18.jar:/Users/juliancamilo/.m2/repository/org/apache/logging/log4j/log4j-to-slf4j/2.24.3/log4j-to-slf4j-2.24.3.jar:/Users/juliancamilo/.m2/repository/org/apache/logging/log4j/log4j-api/2.24.3/log4j-api-2.24.3.jar:/Users/juliancamilo/.m2/repository/org/slf4j/jul-to-slf4j/2.0.17/jul-to-slf4j-2.0.17.jar:/Users/juliancamilo/.m2/repository/jakarta/annotation/jakarta.annotation-api/2.1.1/jakarta.annotation-api-2.1.1.jar:/Users/juliancamilo/.m2/repository/org/yaml/snakeyaml/2.4/snakeyaml-2.4.jar:/Users/juliancamilo/.m2/repository/org/apache/tomcat/embed/tomcat-embed-el/10.1.42/tomcat-embed-el-10.1.42.jar:/Users/juliancamilo/.m2/repository/org/hibernate/validator/hibernate-validator/8.0.2.Final/hibernate-validator-8.0.2.Final.jar:/Users/juliancamilo/.m2/repository/jakarta/validation/jakarta.validation-api/3.0.2/jakarta.validation-api-3.0.2.jar:/Users/juliancamilo/.m2/repository/org/jboss/logging/jboss-logging/3.6.1.Final/jboss-logging-3.6.1.Final.jar:/Users/juliancamilo/.m2/repository/com/fasterxml/classmate/1.7.0/classmate-1.7.0.jar:/Users/juliancamilo/.m2/repository/org/springframework/boot/spring-boot-starter-web/3.5.3/spring-boot-starter-web-3.5.3.jar:/Users/juliancamilo/.m2/repository/org/springframework/boot/spring-boot-starter-json/3.5.3/spring-boot-starter-json-3.5.3.jar:/Users/juliancamilo/.m2/repository/com/fasterxml/jackson/datatype/jackson-datatype-jdk8/2.19.1/jackson-datatype-jdk8-2.19.1.jar:/Users/juliancamilo/.m2/repository/com/fasterxml/jackson/datatype/jackson-datatype-jsr310/2.19.1/jackson-datatype-jsr310-2.19.1.jar:/Users/juliancamilo/.m2/repository/com/fasterxml/jackson/module/jackson-module-parameter-names/2.19.1/jackson-module-parameter-names-2.19.1.jar:/Users/juliancamilo/.m2/repository/org/springframework/boot/spring-boot-starter-tomcat/3.5.3/spring-boot-starter-tomcat-3.5.3.jar:/Users/juliancamilo/.m2/repository/org/apache/tomcat/embed/tomcat-embed-core/10.1.42/tomcat-embed-core-10.1.42.jar:/Users/juliancamilo/.m2/repository/org/apache/tomcat/embed/tomcat-embed-websocket/10.1.42/tomcat-embed-websocket-10.1.42.jar:/Users/juliancamilo/.m2/repository/org/springframework/spring-web/6.2.8/spring-web-6.2.8.jar:/Users/juliancamilo/.m2/repository/org/springframework/spring-beans/6.2.8/spring-beans-6.2.8.jar:/Users/juliancamilo/.m2/repository/io/micrometer/micrometer-observation/1.15.1/micrometer-observation-1.15.1.jar:/Users/juliancamilo/.m2/repository/io/micrometer/micrometer-commons/1.15.1/micrometer-commons-1.15.1.jar:/Users/juliancamilo/.m2/repository/org/springframework/spring-webmvc/6.2.8/spring-webmvc-6.2.8.jar:/Users/juliancamilo/.m2/repository/org/springframework/spring-aop/6.2.8/spring-aop-6.2.8.jar:/Users/juliancamilo/.m2/repository/org/springframework/spring-context/6.2.8/spring-context-6.2.8.jar:/Users/juliancamilo/.m2/repository/org/springframework/spring-expression/6.2.8/spring-expression-6.2.8.jar:/Users/juliancamilo/.m2/repository/org/springframework/boot/spring-boot-devtools/3.5.3/spring-boot-devtools-3.5.3.jar:/Users/juliancamilo/.m2/repository/org/springframework/boot/spring-boot/3.5.3/spring-boot-3.5.3.jar:/Users/juliancamilo/.m2/repository/org/springframework/boot/spring-boot-autoconfigure/3.5.3/spring-boot-autoconfigure-3.5.3.jar:/Users/juliancamilo/.m2/repository/org/projectlombok/lombok/1.18.38/lombok-1.18.38.jar:/Users/juliancamilo/.m2/repository/org/springframework/boot/spring-boot-starter-test/3.5.3/spring-boot-starter-test-3.5.3.jar:/Users/juliancamilo/.m2/repository/org/springframework/boot/spring-boot-test/3.5.3/spring-boot-test-3.5.3.jar:/Users/juliancamilo/.m2/repository/org/springframework/boot/spring-boot-test-autoconfigure/3.5.3/spring-boot-test-autoconfigure-3.5.3.jar:/Users/juliancamilo/.m2/repository/com/jayway/jsonpath/json-path/2.9.0/json-path-2.9.0.jar:/Users/juliancamilo/.m2/repository/org/slf4j/slf4j-api/2.0.17/slf4j-api-2.0.17.jar:/Users/juliancamilo/.m2/repository/jakarta/xml/bind/jakarta.xml.bind-api/4.0.2/jakarta.xml.bind-api-4.0.2.jar:/Users/juliancamilo/.m2/repository/jakarta/activation/jakarta.activation-api/2.1.3/jakarta.activation-api-2.1.3.jar:/Users/juliancamilo/.m2/repository/net/minidev/json-smart/2.5.2/json-smart-2.5.2.jar:/Users/juliancamilo/.m2/repository/net/minidev/accessors-smart/2.5.2/accessors-smart-2.5.2.jar:/Users/juliancamilo/.m2/repository/org/ow2/asm/asm/9.7.1/asm-9.7.1.jar:/Users/juliancamilo/.m2/repository/org/assertj/assertj-core/3.27.3/assertj-core-3.27.3.jar:/Users/juliancamilo/.m2/repository/net/bytebuddy/byte-buddy/1.17.6/byte-buddy-1.17.6.jar:/Users/juliancamilo/.m2/repository/org/awaitility/awaitility/4.2.2/awaitility-4.2.2.jar:/Users/juliancamilo/.m2/repository/org/hamcrest/hamcrest/3.0/hamcrest-3.0.jar:/Users/juliancamilo/.m2/repository/org/junit/jupiter/junit-jupiter/5.12.2/junit-jupiter-5.12.2.jar:/Users/juliancamilo/.m2/repository/org/junit/jupiter/junit-jupiter-api/5.12.2/junit-jupiter-api-5.12.2.jar:/Users/juliancamilo/.m2/repository/org/opentest4j/opentest4j/1.3.0/opentest4j-1.3.0.jar:/Users/juliancamilo/.m2/repository/org/junit/platform/junit-platform-commons/1.12.2/junit-platform-commons-1.12.2.jar:/Users/juliancamilo/.m2/repository/org/apiguardian/apiguardian-api/1.1.2/apiguardian-api-1.1.2.jar:/Users/juliancamilo/.m2/repository/org/junit/jupiter/junit-jupiter-params/5.12.2/junit-jupiter-params-5.12.2.jar:/Users/juliancamilo/.m2/repository/org/junit/jupiter/junit-jupiter-engine/5.12.2/junit-jupiter-engine-5.12.2.jar:/Users/juliancamilo/.m2/repository/org/junit/platform/junit-platform-engine/1.12.2/junit-platform-engine-1.12.2.jar:/Users/juliancamilo/.m2/repository/org/mockito/mockito-core/5.17.0/mockito-core-5.17.0.jar:/Users/juliancamilo/.m2/repository/net/bytebuddy/byte-buddy-agent/1.17.6/byte-buddy-agent-1.17.6.jar:/Users/juliancamilo/.m2/repository/org/objenesis/objenesis/3.3/objenesis-3.3.jar:/Users/juliancamilo/.m2/repository/org/mockito/mockito-junit-jupiter/5.17.0/mockito-junit-jupiter-5.17.0.jar:/Users/juliancamilo/.m2/repository/org/skyscreamer/jsonassert/1.5.3/jsonassert-1.5.3.jar:/Users/juliancamilo/.m2/repository/com/vaadin/external/google/android-json/0.0.20131108.vaadin1/android-json-0.0.20131108.vaadin1.jar:/Users/juliancamilo/.m2/repository/org/springframework/spring-core/6.2.8/spring-core-6.2.8.jar:/Users/juliancamilo/.m2/repository/org/springframework/spring-jcl/6.2.8/spring-jcl-6.2.8.jar:/Users/juliancamilo/.m2/repository/org/springframework/spring-test/6.2.8/spring-test-6.2.8.jar:/Users/juliancamilo/.m2/repository/org/xmlunit/xmlunit-core/2.10.2/xmlunit-core-2.10.2.jar:/Users/juliancamilo/.m2/repository/org/springframework/restdocs/spring-restdocs-mockmvc/3.0.4/spring-restdocs-mockmvc-3.0.4.jar:/Users/juliancamilo/.m2/repository/org/springframework/restdocs/spring-restdocs-core/3.0.4/spring-restdocs-core-3.0.4.jar:/Users/juliancamilo/.m2/repository/jakarta/servlet/jakarta.servlet-api/6.0.0/jakarta.servlet-api-6.0.0.jar:/Users/juliancamilo/.m2/repository/com/fasterxml/jackson/module/jackson-module-afterburner/2.17.1/jackson-module-afterburner-2.17.1.jar:/Users/juliancamilo/.m2/repository/com/fasterxml/jackson/core/jackson-core/2.19.1/jackson-core-2.19.1.jar:/Users/juliancamilo/.m2/repository/com/fasterxml/jackson/core/jackson-databind/2.19.1/jackson-databind-2.19.1.jar:/Users/juliancamilo/.m2/repository/com/fasterxml/jackson/core/jackson-annotations/2.19.1/jackson-annotations-2.19.1.jar:"/>
    <property name="java.vm.vendor" value="Oracle Corporation"/>
    <property name="sun.arch.data.model" value="64"/>
    <property name="java.vendor.url" value="https://java.oracle.com/"/>
    <property name="user.timezone" value="Australia/Sydney"/>
    <property name="org.jboss.logging.provider" value="slf4j"/>
    <property name="os.name" value="Mac OS X"/>
    <property name="java.vm.specification.version" value="21"/>
    <property name="APPLICATION_NAME" value="threeds"/>
    <property name="sun.java.launcher" value="SUN_STANDARD"/>
    <property name="user.country" value="CO"/>
    <property name="sun.boot.library.path" value="/Library/Java/JavaVirtualMachines/jdk-21.jdk/Contents/Home/lib"/>
    <property name="sun.java.command" value="/Users/juliancamilo/Documents/Programacion/threeds/target/surefire/surefirebooter-20250703122149129_3.jar /Users/juliancamilo/Documents/Programacion/threeds/target/surefire 2025-07-03T12-21-49_071-jvmRun1 surefire-20250703122149129_1tmp surefire_0-20250703122149129_2tmp"/>
    <property name="http.nonProxyHosts" value="local|*.local|169.254/16|*.169.254/16"/>
    <property name="jdk.debug" value="release"/>
    <property name="surefire.test.class.path" value="/Users/juliancamilo/Documents/Programacion/threeds/target/test-classes:/Users/juliancamilo/Documents/Programacion/threeds/target/classes:/Users/juliancamilo/.m2/repository/org/springframework/boot/spring-boot-starter-validation/3.5.3/spring-boot-starter-validation-3.5.3.jar:/Users/juliancamilo/.m2/repository/org/springframework/boot/spring-boot-starter/3.5.3/spring-boot-starter-3.5.3.jar:/Users/juliancamilo/.m2/repository/org/springframework/boot/spring-boot-starter-logging/3.5.3/spring-boot-starter-logging-3.5.3.jar:/Users/juliancamilo/.m2/repository/ch/qos/logback/logback-classic/1.5.18/logback-classic-1.5.18.jar:/Users/juliancamilo/.m2/repository/ch/qos/logback/logback-core/1.5.18/logback-core-1.5.18.jar:/Users/juliancamilo/.m2/repository/org/apache/logging/log4j/log4j-to-slf4j/2.24.3/log4j-to-slf4j-2.24.3.jar:/Users/juliancamilo/.m2/repository/org/apache/logging/log4j/log4j-api/2.24.3/log4j-api-2.24.3.jar:/Users/juliancamilo/.m2/repository/org/slf4j/jul-to-slf4j/2.0.17/jul-to-slf4j-2.0.17.jar:/Users/juliancamilo/.m2/repository/jakarta/annotation/jakarta.annotation-api/2.1.1/jakarta.annotation-api-2.1.1.jar:/Users/juliancamilo/.m2/repository/org/yaml/snakeyaml/2.4/snakeyaml-2.4.jar:/Users/juliancamilo/.m2/repository/org/apache/tomcat/embed/tomcat-embed-el/10.1.42/tomcat-embed-el-10.1.42.jar:/Users/juliancamilo/.m2/repository/org/hibernate/validator/hibernate-validator/8.0.2.Final/hibernate-validator-8.0.2.Final.jar:/Users/juliancamilo/.m2/repository/jakarta/validation/jakarta.validation-api/3.0.2/jakarta.validation-api-3.0.2.jar:/Users/juliancamilo/.m2/repository/org/jboss/logging/jboss-logging/3.6.1.Final/jboss-logging-3.6.1.Final.jar:/Users/juliancamilo/.m2/repository/com/fasterxml/classmate/1.7.0/classmate-1.7.0.jar:/Users/juliancamilo/.m2/repository/org/springframework/boot/spring-boot-starter-web/3.5.3/spring-boot-starter-web-3.5.3.jar:/Users/juliancamilo/.m2/repository/org/springframework/boot/spring-boot-starter-json/3.5.3/spring-boot-starter-json-3.5.3.jar:/Users/juliancamilo/.m2/repository/com/fasterxml/jackson/datatype/jackson-datatype-jdk8/2.19.1/jackson-datatype-jdk8-2.19.1.jar:/Users/juliancamilo/.m2/repository/com/fasterxml/jackson/datatype/jackson-datatype-jsr310/2.19.1/jackson-datatype-jsr310-2.19.1.jar:/Users/juliancamilo/.m2/repository/com/fasterxml/jackson/module/jackson-module-parameter-names/2.19.1/jackson-module-parameter-names-2.19.1.jar:/Users/juliancamilo/.m2/repository/org/springframework/boot/spring-boot-starter-tomcat/3.5.3/spring-boot-starter-tomcat-3.5.3.jar:/Users/juliancamilo/.m2/repository/org/apache/tomcat/embed/tomcat-embed-core/10.1.42/tomcat-embed-core-10.1.42.jar:/Users/juliancamilo/.m2/repository/org/apache/tomcat/embed/tomcat-embed-websocket/10.1.42/tomcat-embed-websocket-10.1.42.jar:/Users/juliancamilo/.m2/repository/org/springframework/spring-web/6.2.8/spring-web-6.2.8.jar:/Users/juliancamilo/.m2/repository/org/springframework/spring-beans/6.2.8/spring-beans-6.2.8.jar:/Users/juliancamilo/.m2/repository/io/micrometer/micrometer-observation/1.15.1/micrometer-observation-1.15.1.jar:/Users/juliancamilo/.m2/repository/io/micrometer/micrometer-commons/1.15.1/micrometer-commons-1.15.1.jar:/Users/juliancamilo/.m2/repository/org/springframework/spring-webmvc/6.2.8/spring-webmvc-6.2.8.jar:/Users/juliancamilo/.m2/repository/org/springframework/spring-aop/6.2.8/spring-aop-6.2.8.jar:/Users/juliancamilo/.m2/repository/org/springframework/spring-context/6.2.8/spring-context-6.2.8.jar:/Users/juliancamilo/.m2/repository/org/springframework/spring-expression/6.2.8/spring-expression-6.2.8.jar:/Users/juliancamilo/.m2/repository/org/springframework/boot/spring-boot-devtools/3.5.3/spring-boot-devtools-3.5.3.jar:/Users/juliancamilo/.m2/repository/org/springframework/boot/spring-boot/3.5.3/spring-boot-3.5.3.jar:/Users/juliancamilo/.m2/repository/org/springframework/boot/spring-boot-autoconfigure/3.5.3/spring-boot-autoconfigure-3.5.3.jar:/Users/juliancamilo/.m2/repository/org/projectlombok/lombok/1.18.38/lombok-1.18.38.jar:/Users/juliancamilo/.m2/repository/org/springframework/boot/spring-boot-starter-test/3.5.3/spring-boot-starter-test-3.5.3.jar:/Users/juliancamilo/.m2/repository/org/springframework/boot/spring-boot-test/3.5.3/spring-boot-test-3.5.3.jar:/Users/juliancamilo/.m2/repository/org/springframework/boot/spring-boot-test-autoconfigure/3.5.3/spring-boot-test-autoconfigure-3.5.3.jar:/Users/juliancamilo/.m2/repository/com/jayway/jsonpath/json-path/2.9.0/json-path-2.9.0.jar:/Users/juliancamilo/.m2/repository/org/slf4j/slf4j-api/2.0.17/slf4j-api-2.0.17.jar:/Users/juliancamilo/.m2/repository/jakarta/xml/bind/jakarta.xml.bind-api/4.0.2/jakarta.xml.bind-api-4.0.2.jar:/Users/juliancamilo/.m2/repository/jakarta/activation/jakarta.activation-api/2.1.3/jakarta.activation-api-2.1.3.jar:/Users/juliancamilo/.m2/repository/net/minidev/json-smart/2.5.2/json-smart-2.5.2.jar:/Users/juliancamilo/.m2/repository/net/minidev/accessors-smart/2.5.2/accessors-smart-2.5.2.jar:/Users/juliancamilo/.m2/repository/org/ow2/asm/asm/9.7.1/asm-9.7.1.jar:/Users/juliancamilo/.m2/repository/org/assertj/assertj-core/3.27.3/assertj-core-3.27.3.jar:/Users/juliancamilo/.m2/repository/net/bytebuddy/byte-buddy/1.17.6/byte-buddy-1.17.6.jar:/Users/juliancamilo/.m2/repository/org/awaitility/awaitility/4.2.2/awaitility-4.2.2.jar:/Users/juliancamilo/.m2/repository/org/hamcrest/hamcrest/3.0/hamcrest-3.0.jar:/Users/juliancamilo/.m2/repository/org/junit/jupiter/junit-jupiter/5.12.2/junit-jupiter-5.12.2.jar:/Users/juliancamilo/.m2/repository/org/junit/jupiter/junit-jupiter-api/5.12.2/junit-jupiter-api-5.12.2.jar:/Users/juliancamilo/.m2/repository/org/opentest4j/opentest4j/1.3.0/opentest4j-1.3.0.jar:/Users/juliancamilo/.m2/repository/org/junit/platform/junit-platform-commons/1.12.2/junit-platform-commons-1.12.2.jar:/Users/juliancamilo/.m2/repository/org/apiguardian/apiguardian-api/1.1.2/apiguardian-api-1.1.2.jar:/Users/juliancamilo/.m2/repository/org/junit/jupiter/junit-jupiter-params/5.12.2/junit-jupiter-params-5.12.2.jar:/Users/juliancamilo/.m2/repository/org/junit/jupiter/junit-jupiter-engine/5.12.2/junit-jupiter-engine-5.12.2.jar:/Users/juliancamilo/.m2/repository/org/junit/platform/junit-platform-engine/1.12.2/junit-platform-engine-1.12.2.jar:/Users/juliancamilo/.m2/repository/org/mockito/mockito-core/5.17.0/mockito-core-5.17.0.jar:/Users/juliancamilo/.m2/repository/net/bytebuddy/byte-buddy-agent/1.17.6/byte-buddy-agent-1.17.6.jar:/Users/juliancamilo/.m2/repository/org/objenesis/objenesis/3.3/objenesis-3.3.jar:/Users/juliancamilo/.m2/repository/org/mockito/mockito-junit-jupiter/5.17.0/mockito-junit-jupiter-5.17.0.jar:/Users/juliancamilo/.m2/repository/org/skyscreamer/jsonassert/1.5.3/jsonassert-1.5.3.jar:/Users/juliancamilo/.m2/repository/com/vaadin/external/google/android-json/0.0.20131108.vaadin1/android-json-0.0.20131108.vaadin1.jar:/Users/juliancamilo/.m2/repository/org/springframework/spring-core/6.2.8/spring-core-6.2.8.jar:/Users/juliancamilo/.m2/repository/org/springframework/spring-jcl/6.2.8/spring-jcl-6.2.8.jar:/Users/juliancamilo/.m2/repository/org/springframework/spring-test/6.2.8/spring-test-6.2.8.jar:/Users/juliancamilo/.m2/repository/org/xmlunit/xmlunit-core/2.10.2/xmlunit-core-2.10.2.jar:/Users/juliancamilo/.m2/repository/org/springframework/restdocs/spring-restdocs-mockmvc/3.0.4/spring-restdocs-mockmvc-3.0.4.jar:/Users/juliancamilo/.m2/repository/org/springframework/restdocs/spring-restdocs-core/3.0.4/spring-restdocs-core-3.0.4.jar:/Users/juliancamilo/.m2/repository/jakarta/servlet/jakarta.servlet-api/6.0.0/jakarta.servlet-api-6.0.0.jar:/Users/juliancamilo/.m2/repository/com/fasterxml/jackson/module/jackson-module-afterburner/2.17.1/jackson-module-afterburner-2.17.1.jar:/Users/juliancamilo/.m2/repository/com/fasterxml/jackson/core/jackson-core/2.19.1/jackson-core-2.19.1.jar:/Users/juliancamilo/.m2/repository/com/fasterxml/jackson/core/jackson-databind/2.19.1/jackson-databind-2.19.1.jar:/Users/juliancamilo/.m2/repository/com/fasterxml/jackson/core/jackson-annotations/2.19.1/jackson-annotations-2.19.1.jar:"/>
    <property name="sun.cpu.endian" value="little"/>
    <property name="user.home" value="/Users/juliancamilo"/>
    <property name="user.language" value="en"/>
    <property name="java.specification.vendor" value="Oracle Corporation"/>
    <property name="java.version.date" value="2025-04-15"/>
    <property name="java.home" value="/Library/Java/JavaVirtualMachines/jdk-21.jdk/Contents/Home"/>
    <property name="file.separator" value="/"/>
    <property name="basedir" value="/Users/juliancamilo/Documents/Programacion/threeds"/>
    <property name="java.vm.compressedOopsMode" value="Zero based"/>
    <property name="line.separator" value="&#10;"/>
    <property name="java.vm.specification.vendor" value="Oracle Corporation"/>
    <property name="java.specification.name" value="Java Platform API Specification"/>
    <property name="FILE_LOG_CHARSET" value="UTF-8"/>
    <property name="java.awt.headless" value="true"/>
    <property name="apple.awt.application.name" value="ForkedBooter"/>
    <property name="surefire.real.class.path" value="/Users/juliancamilo/Documents/Programacion/threeds/target/surefire/surefirebooter-20250703122149129_3.jar"/>
    <property name="sun.management.compiler" value="HotSpot 64-Bit Tiered Compilers"/>
    <property name="ftp.nonProxyHosts" value="local|*.local|169.254/16|*.169.254/16"/>
    <property name="java.runtime.version" value="21.0.7+8-LTS-245"/>
    <property name="user.name" value="juliancamilo"/>
    <property name="stdout.encoding" value="UTF-8"/>
    <property name="path.separator" value=":"/>
    <property name="os.version" value="15.5"/>
    <property name="java.runtime.name" value="Java(TM) SE Runtime Environment"/>
    <property name="file.encoding" value="UTF-8"/>
    <property name="java.vm.name" value="Java HotSpot(TM) 64-Bit Server VM"/>
    <property name="localRepository" value="/Users/juliancamilo/.m2/repository"/>
    <property name="java.vendor.url.bug" value="https://bugreport.java.com/bugreport/"/>
    <property name="java.io.tmpdir" value="/var/folders/5y/5ln_j0d95x39vxcbrvwmz1m80000gn/T/"/>
    <property name="java.version" value="21.0.7"/>
    <property name="user.dir" value="/Users/juliancamilo/Documents/Programacion/threeds"/>
    <property name="os.arch" value="aarch64"/>
    <property name="java.vm.specification.name" value="Java Virtual Machine Specification"/>
    <property name="PID" value="52882"/>
    <property name="CONSOLE_LOG_CHARSET" value="UTF-8"/>
    <property name="native.encoding" value="UTF-8"/>
    <property name="java.library.path" value="/Users/juliancamilo/Library/Java/Extensions:/Library/Java/Extensions:/Network/Library/Java/Extensions:/System/Library/Java/Extensions:/usr/lib/java:."/>
    <property name="java.vm.info" value="mixed mode, sharing"/>
    <property name="stderr.encoding" value="UTF-8"/>
    <property name="java.vendor" value="Oracle Corporation"/>
    <property name="java.vm.version" value="21.0.7+8-LTS-245"/>
    <property name="sun.io.unicode.encoding" value="UnicodeBig"/>
    <property name="socksNonProxyHosts" value="local|*.local|169.254/16|*.169.254/16"/>
    <property name="java.class.version" value="65.0"/>
    <property name="LOGGED_APPLICATION_NAME" value="[threeds] "/>
    <property name="argLine" value="-Xmx4g -Xss2m"/>
  </properties>
  <testcase name="testDuplicateRangesAreHandledGracefully" classname="com.example.threeds.controller.ThreeDSControllerTest" time="0.171">
    <system-out><![CDATA[2025-07-03T12:21:50.958+10:00  INFO 52882 --- [threeds] [           main] t.c.s.AnnotationConfigContextLoaderUtils : Could not detect default configuration classes for test class [com.example.threeds.controller.ThreeDSControllerTest]: ThreeDSControllerTest does not declare any static, non-private, non-final, nested classes annotated with @Configuration.
2025-07-03T12:21:50.971+10:00  INFO 52882 --- [threeds] [           main] .b.t.c.SpringBootTestContextBootstrapper : Found @SpringBootConfiguration com.example.threeds.ThreedsApplication for test class com.example.threeds.controller.ThreeDSControllerTest
2025-07-03T12:21:50.975+10:00  INFO 52882 --- [threeds] [           main] o.s.b.d.r.RestartApplicationListener     : Restart disabled due to context in which it is running

  .   ____          _            __ _ _
 /\\ / ___'_ __ _ _(_)_ __  __ _ \ \ \ \
( ( )\___ | '_ | '_| | '_ \/ _` | \ \ \ \
 \\/  ___)| |_)| | | | | || (_| |  ) ) ) )
  '  |____| .__|_| |_|_| |_\__, | / / / /
 =========|_|==============|___/=/_/_/_/

 :: Spring Boot ::                (v3.5.3)

2025-07-03T12:21:50.992+10:00  INFO 52882 --- [threeds] [           main] c.e.t.controller.ThreeDSControllerTest   : Starting ThreeDSControllerTest using Java 21.0.7 with PID 52882 (started by juliancamilo in /Users/juliancamilo/Documents/Programacion/threeds)
2025-07-03T12:21:50.992+10:00  INFO 52882 --- [threeds] [           main] c.e.t.controller.ThreeDSControllerTest   : No active profile set, falling back to 1 default profile: "default"
2025-07-03T12:21:51.187+10:00  INFO 52882 --- [threeds] [           main] o.s.b.t.m.w.SpringBootMockServletContext : Initializing Spring TestDispatcherServlet ''
2025-07-03T12:21:51.194+10:00  INFO 52882 --- [threeds] [           main] c.e.t.controller.ThreeDSControllerTest   : Started ThreeDSControllerTest in 0.219 seconds (process running for 2.013)
]]></system-out>
  </testcase>
  <testcase name="testInvalidPResMessage" classname="com.example.threeds.controller.ThreeDSControllerTest" time="0.01">
    <system-out><![CDATA[2025-07-03T12:21:51.379+10:00  WARN 52882 --- [threeds] [           main] .w.s.m.s.DefaultHandlerExceptionResolver : Resolved [org.springframework.web.bind.MethodArgumentNotValidException: Validation failed for argument [0] in public org.springframework.http.ResponseEntity<java.lang.Void> com.example.threeds.controller.ThreeDSController.storePResMessage(com.example.threeds.model.PResMessage): [Field error in object 'PResMessage' on field 'cardRangeData': rejected value [null]; codes [NotNull.PResMessage.cardRangeData,NotNull.cardRangeData,NotNull.java.util.List,NotNull]; arguments [org.springframework.context.support.DefaultMessageSourceResolvable: codes [PResMessage.cardRangeData,cardRangeData]; arguments []; default message [cardRangeData]]; default message [must not be null]] ]
]]></system-out>
  </testcase>
  <testcase name="testPanOnBoundaryIsIncluded" classname="com.example.threeds.controller.ThreeDSControllerTest" time="0.008"/>
  <testcase name="testHighConcurrencyReadWrite" classname="com.example.threeds.controller.ThreeDSControllerTest" time="0.397">
    <system-out><![CDATA[Concurrent read/write test time (150 reads, 150 writes): 170ms
]]></system-out>
  </testcase>
  <testcase name="testEmptyPResMessage" classname="com.example.threeds.controller.ThreeDSControllerTest" time="0.004"/>
  <testcase name="testLargeDatasetPerformanceLogs" classname="com.example.threeds.controller.ThreeDSControllerTest" time="55.071">
    <system-out><![CDATA[2025-07-03T12:22:17.342+10:00  INFO 52882 --- [threeds] [           main] c.e.t.controller.ThreeDSController       : POST /api/3ds/store timing (ms): total=7629, deserialize=3986, save=3643
==== Performance Summary ====
Data load time: 3442 ms
POST time (deserialization + insertion): 44905 ms
Manual deserialization + insertion time: 6445 ms
GET lookup time: 263 ms
Total test duration: 55057 ms
]]></system-out>
  </testcase>
  <testcase name="testResponseExcludesNullFields" classname="com.example.threeds.controller.ThreeDSControllerTest" time="0.012"/>
  <testcase name="testConstructorThrowsExceptionWhenEndRangeIsLessThanStartRange" classname="com.example.threeds.controller.ThreeDSControllerTest" time="0.027"/>
  <testcase name="testLargeDatasetPerformance" classname="com.example.threeds.controller.ThreeDSControllerTest" time="2.092">
    <system-out><![CDATA[Insert time for 700k ranges: 2065ms
Lookup time: 5ms
]]></system-out>
  </testcase>
  <testcase name="testConflictResolutionChoosesSmallestRange" classname="com.example.threeds.controller.ThreeDSControllerTest" time="0.004"/>
  <testcase name="testConcurrentStoreAndFind" classname="com.example.threeds.controller.ThreeDSControllerTest" time="4.145"/>
  <testcase name="testInvalidCardRangeInsertedViaPost" classname="com.example.threeds.controller.ThreeDSControllerTest" time="0.022"/>
  <testcase name="testStoreAndFindCardRange" classname="com.example.threeds.controller.ThreeDSControllerTest" time="0.008"/>
  <testcase name="testLoadHugeJsonFromFileAndStore" classname="com.example.threeds.controller.ThreeDSControllerTest" time="6.624">
    <system-out><![CDATA[==== Performance Summary ====
Data load time: 220 ms
POST time (deserialization + insertion): 5686 ms
Manual deserialization + insertion time: 686 ms
GET lookup time: 24 ms
Total test duration: 6617 ms
]]></system-out>
  </testcase>
  <testcase name="testFindCardRangeNotFound" classname="com.example.threeds.controller.ThreeDSControllerTest" time="0.017"/>
  <testcase name="testInvalidPanParameter" classname="com.example.threeds.controller.ThreeDSControllerTest" time="0.015">
    <system-out><![CDATA[2025-07-03T12:22:59.845+10:00  WARN 52882 --- [threeds] [           main] .w.s.m.s.DefaultHandlerExceptionResolver : Resolved [org.springframework.web.method.annotation.MethodArgumentTypeMismatchException: Method parameter 'pan': Failed to convert value of type 'java.lang.String' to required type 'long'; For input string: "invalid"]
]]></system-out>
  </testcase>
</testsuite>